<?xml version="1.0" encoding="utf-8"?>
<Application_Log xmlns:xsi="http://www.w3.org/2001/XMLSchema-instance" xmlns:xsd="http://www.w3.org/2001/XMLSchema">
  <Errors>0</Errors>
  <Warnings>0</Warnings>
  <Messages>
    <Message>
      <Category>Detail</Category>
      <TimeStamp>2021-04-05T00:07:45.1092317-04:00</TimeStamp>
      <Text>Loading MotoTuneDll xml format: C:\Users\maxar\Documents\GitHub\Fischers-Bullshit\EngineController_Rev2\BaseEngineController_LS_Build\TDB\BaseEngin_020.xml</Text>
    </Message>
    <Message>
      <Category>Detail</Category>
      <TimeStamp>2021-04-05T00:07:45.7086724-04:00</TimeStamp>
      <Text>Generating ASAP2 objects</Text>
    </Message>
    <Message>
      <Category>Detail</Category>
      <TimeStamp>2021-04-05T00:07:45.9644598-04:00</TimeStamp>
      <Text>Creating Address Updater: VirtualCalSpace</Text>
    </Message>
    <Message>
      <Category>Detail</Category>
      <TimeStamp>2021-04-05T00:07:45.9703181-04:00</TimeStamp>
      <Text>Updating ASAP2 addresses</Text>
    </Message>
    <Message>
      <Category>Detail</Category>
      <TimeStamp>2021-04-05T00:07:46.0171813-04:00</TimeStamp>
      <Text>Saving ASAP2 file: C:\Users\maxar\Documents\GitHub\Fischers-Bullshit\EngineController_Rev2\BaseEngineController_LS_Build\TDB\BaseEngin_020.a2l</Text>
    </Message>
    <Message>
      <Category>Detail</Category>
      <TimeStamp>2021-04-05T00:07:46.4213627-04:00</TimeStamp>
      <Text>Loading transform: C:\Program Files (x86)\Woodward\MCS\MotoHawk\2011a_sp0.184\Bin\ASAP2.xslt</Text>
    </Message>
    <Message>
      <Category>Detail</Category>
      <TimeStamp>2021-04-05T00:07:48.3329369-04:00</TimeStamp>
      <Text>Generated 675 Measurements</Text>
    </Message>
    <Message>
      <Category>Detail</Category>
      <TimeStamp>2021-04-05T00:07:48.3329369-04:00</TimeStamp>
      <Text>Generated 2628 Characteristics</Text>
    </Message>
  </Messages>
</Application_Log>