<?xml version="1.0" encoding="utf-8"?>
<Application_Log xmlns:xsi="http://www.w3.org/2001/XMLSchema-instance" xmlns:xsd="http://www.w3.org/2001/XMLSchema">
  <Errors>0</Errors>
  <Warnings>0</Warnings>
  <Messages>
    <Message>
      <Category>Detail</Category>
      <TimeStamp>2022-11-27T15:44:08.2024685-05:00</TimeStamp>
      <Text>Loading MotoTuneDll xml format: C:\Users\maxar\Documents\GitHub\Engine-Controller\EngineController_Rev2\BaseEngineController_LS_Build\TDB\BaseEngin_035.xml</Text>
    </Message>
    <Message>
      <Category>Detail</Category>
      <TimeStamp>2022-11-27T15:44:08.5065162-05:00</TimeStamp>
      <Text>Generating ASAP2 objects</Text>
    </Message>
    <Message>
      <Category>Detail</Category>
      <TimeStamp>2022-11-27T15:44:08.6984411-05:00</TimeStamp>
      <Text>Creating Address Updater: VirtualCalSpace</Text>
    </Message>
    <Message>
      <Category>Detail</Category>
      <TimeStamp>2022-11-27T15:44:08.7014424-05:00</TimeStamp>
      <Text>Updating ASAP2 addresses</Text>
    </Message>
    <Message>
      <Category>Detail</Category>
      <TimeStamp>2022-11-27T15:44:08.7354349-05:00</TimeStamp>
      <Text>Saving ASAP2 file: C:\Users\maxar\Documents\GitHub\Engine-Controller\EngineController_Rev2\BaseEngineController_LS_Build\TDB\BaseEngin_035.a2l</Text>
    </Message>
    <Message>
      <Category>Detail</Category>
      <TimeStamp>2022-11-27T15:44:09.1221724-05:00</TimeStamp>
      <Text>Loading transform: C:\Program Files (x86)\Woodward\MCS\MotoHawk\2011a_sp0.184\Bin\ASAP2.xslt</Text>
    </Message>
    <Message>
      <Category>Detail</Category>
      <TimeStamp>2022-11-27T15:44:09.727103-05:00</TimeStamp>
      <Text>Generated 694 Measurements</Text>
    </Message>
    <Message>
      <Category>Detail</Category>
      <TimeStamp>2022-11-27T15:44:09.727103-05:00</TimeStamp>
      <Text>Generated 3111 Characteristics</Text>
    </Message>
  </Messages>
</Application_Log>