<?xml version="1.0" encoding="utf-8"?>
<Application_Log xmlns:xsi="http://www.w3.org/2001/XMLSchema-instance" xmlns:xsd="http://www.w3.org/2001/XMLSchema">
  <Errors>0</Errors>
  <Warnings>0</Warnings>
  <Messages>
    <Message>
      <Category>Detail</Category>
      <TimeStamp>2020-10-04T18:31:52.1659771-04:00</TimeStamp>
      <Text>Loading MotoTuneDll xml format: C:\Users\maxar\Documents\GitHub\Fischers-Bullshit\EngineController_Rev2\BaseEngineController_LS_Build\TDB\BaseEngin_016.xml</Text>
    </Message>
    <Message>
      <Category>Detail</Category>
      <TimeStamp>2020-10-04T18:31:52.4333354-04:00</TimeStamp>
      <Text>Generating ASAP2 objects</Text>
    </Message>
    <Message>
      <Category>Detail</Category>
      <TimeStamp>2020-10-04T18:31:52.5972816-04:00</TimeStamp>
      <Text>Creating Address Updater: VirtualCalSpace</Text>
    </Message>
    <Message>
      <Category>Detail</Category>
      <TimeStamp>2020-10-04T18:31:52.6002807-04:00</TimeStamp>
      <Text>Updating ASAP2 addresses</Text>
    </Message>
    <Message>
      <Category>Detail</Category>
      <TimeStamp>2020-10-04T18:31:52.6322702-04:00</TimeStamp>
      <Text>Saving ASAP2 file: C:\Users\maxar\Documents\GitHub\Fischers-Bullshit\EngineController_Rev2\BaseEngineController_LS_Build\TDB\BaseEngin_016.a2l</Text>
    </Message>
    <Message>
      <Category>Detail</Category>
      <TimeStamp>2020-10-04T18:31:52.9031832-04:00</TimeStamp>
      <Text>Loading transform: C:\Program Files (x86)\Woodward\MCS\MotoHawk\2011a_sp0.184\Bin\ASAP2.xslt</Text>
    </Message>
    <Message>
      <Category>Detail</Category>
      <TimeStamp>2020-10-04T18:31:53.4667906-04:00</TimeStamp>
      <Text>Generated 678 Measurements</Text>
    </Message>
    <Message>
      <Category>Detail</Category>
      <TimeStamp>2020-10-04T18:31:53.4667906-04:00</TimeStamp>
      <Text>Generated 2628 Characteristics</Text>
    </Message>
  </Messages>
</Application_Log>