<?xml version="1.0" encoding="utf-8"?>
<Application_Log xmlns:xsi="http://www.w3.org/2001/XMLSchema-instance" xmlns:xsd="http://www.w3.org/2001/XMLSchema">
  <Errors>0</Errors>
  <Warnings>0</Warnings>
  <Messages>
    <Message>
      <Category>Detail</Category>
      <TimeStamp>2022-11-08T18:30:39.2178878-05:00</TimeStamp>
      <Text>Loading MotoTuneDll xml format: C:\Users\maxar\Documents\GitHub\Engine-Controller\EngineController_Rev2\BaseEngineController_LS_Build\TDB\BaseEngin_024.xml</Text>
    </Message>
    <Message>
      <Category>Detail</Category>
      <TimeStamp>2022-11-08T18:30:39.5178385-05:00</TimeStamp>
      <Text>Generating ASAP2 objects</Text>
    </Message>
    <Message>
      <Category>Detail</Category>
      <TimeStamp>2022-11-08T18:30:39.6947949-05:00</TimeStamp>
      <Text>Creating Address Updater: VirtualCalSpace</Text>
    </Message>
    <Message>
      <Category>Detail</Category>
      <TimeStamp>2022-11-08T18:30:39.7027796-05:00</TimeStamp>
      <Text>Updating ASAP2 addresses</Text>
    </Message>
    <Message>
      <Category>Detail</Category>
      <TimeStamp>2022-11-08T18:30:39.7427794-05:00</TimeStamp>
      <Text>Saving ASAP2 file: C:\Users\maxar\Documents\GitHub\Engine-Controller\EngineController_Rev2\BaseEngineController_LS_Build\TDB\BaseEngin_024.a2l</Text>
    </Message>
    <Message>
      <Category>Detail</Category>
      <TimeStamp>2022-11-08T18:30:40.1198827-05:00</TimeStamp>
      <Text>Loading transform: C:\Program Files (x86)\Woodward\MCS\MotoHawk\2011a_sp0.184\Bin\ASAP2.xslt</Text>
    </Message>
    <Message>
      <Category>Detail</Category>
      <TimeStamp>2022-11-08T18:30:40.8912329-05:00</TimeStamp>
      <Text>Generated 708 Measurements</Text>
    </Message>
    <Message>
      <Category>Detail</Category>
      <TimeStamp>2022-11-08T18:30:40.8912329-05:00</TimeStamp>
      <Text>Generated 2771 Characteristics</Text>
    </Message>
  </Messages>
</Application_Log>